<?xml version="1.0" encoding="UTF-8"?>
<testng-results skipped="0" failed="1" ignored="0" total="2" passed="1">
  <reporter-output>
  </reporter-output>
  <suite name="Suite" duration-ms="52004" started-at="2019-11-04T12:37:55Z" finished-at="2019-11-04T12:38:47Z">
    <groups>
    </groups>
    <test name="Test" duration-ms="52004" started-at="2019-11-04T12:37:55Z" finished-at="2019-11-04T12:38:47Z">
      <class name="test.Test2">
        <test-method status="PASS" signature="beforemethod()[pri:0, instance:test.Test2@6e7c6928]" name="beforemethod" is-config="true" duration-ms="10345" started-at="2019-11-04T12:38:17Z" finished-at="2019-11-04T12:38:27Z">
          <reporter-output>
          </reporter-output>
        </test-method> <!-- beforemethod -->
        <test-method status="FAIL" signature="DemoTest2()[pri:0, instance:test.Test2@6e7c6928]" name="DemoTest2" duration-ms="19372" started-at="2019-11-04T12:38:27Z" finished-at="2019-11-04T12:38:47Z">
          <exception class="org.openqa.selenium.ElementNotVisibleException">
            <message>
              <![CDATA[element not interactable
  (Session info: chrome=78.0.3904.70)
  (Driver info: chromedriver=77.0.3865.10 (bc3579f611bbc73331171afe020ec7a45e6ccc55-refs/branch-heads/3865@{#93}),platform=Windows NT 10.0.17763 x86_64) (WARNING: The server did not provide any stacktrace information)
Command duration or timeout: 41 milliseconds
Build info: version: '2.53.1', revision: 'a36b8b1', time: '2016-06-30 17:32:46'
System info: host: 'YCSLAP0062', ip: '192.168.2.148', os.name: 'Windows 8', os.arch: 'amd64', os.version: '6.2', java.version: '1.7.0_45'
Session ID: 5d315644408c44cfea5dc16d00ba2501
Driver info: org.openqa.selenium.chrome.ChromeDriver
Capabilities [{javascriptEnabled=true, acceptSslCerts=false, browserName=chrome, chrome={userDataDir=C:\Users\SUMABA~1.YET\AppData\Local\Temp\scoped_dir15436_2098141960, chromedriverVersion=77.0.3865.10 (bc3579f611bbc73331171afe020ec7a45e6ccc55-refs/branch-heads/3865@{#93})}, networkConnectionEnabled=false, mobileEmulationEnabled=false, setWindowRect=true, version=78.0.3904.70, takesHeapSnapshot=true, nativeEvents=true, proxy={}, strictFileInteractability=false, hasTouchScreen=false, applicationCacheEnabled=false, takesScreenshot=true, acceptInsecureCerts=false, platform=WIN8, unexpectedAlertBehaviour=ignore, rotatable=false, locationContextEnabled=true, goog:chromeOptions={debuggerAddress=localhost:59286}, pageLoadStrategy=normal, timeouts={pageLoad=300000, implicit=0, script=30000}, cssSelectorsEnabled=true, databaseEnabled=false, handlesAlerts=true, browserConnectionEnabled=false, webStorageEnabled=true}]]]>
            </message>
            <full-stacktrace>
              <![CDATA[org.openqa.selenium.ElementNotVisibleException: element not interactable
  (Session info: chrome=78.0.3904.70)
  (Driver info: chromedriver=77.0.3865.10 (bc3579f611bbc73331171afe020ec7a45e6ccc55-refs/branch-heads/3865@{#93}),platform=Windows NT 10.0.17763 x86_64) (WARNING: The server did not provide any stacktrace information)
Command duration or timeout: 41 milliseconds
Build info: version: '2.53.1', revision: 'a36b8b1', time: '2016-06-30 17:32:46'
System info: host: 'YCSLAP0062', ip: '192.168.2.148', os.name: 'Windows 8', os.arch: 'amd64', os.version: '6.2', java.version: '1.7.0_45'
Session ID: 5d315644408c44cfea5dc16d00ba2501
Driver info: org.openqa.selenium.chrome.ChromeDriver
Capabilities [{javascriptEnabled=true, acceptSslCerts=false, browserName=chrome, chrome={userDataDir=C:\Users\SUMABA~1.YET\AppData\Local\Temp\scoped_dir15436_2098141960, chromedriverVersion=77.0.3865.10 (bc3579f611bbc73331171afe020ec7a45e6ccc55-refs/branch-heads/3865@{#93})}, networkConnectionEnabled=false, mobileEmulationEnabled=false, setWindowRect=true, version=78.0.3904.70, takesHeapSnapshot=true, nativeEvents=true, proxy={}, strictFileInteractability=false, hasTouchScreen=false, applicationCacheEnabled=false, takesScreenshot=true, acceptInsecureCerts=false, platform=WIN8, unexpectedAlertBehaviour=ignore, rotatable=false, locationContextEnabled=true, goog:chromeOptions={debuggerAddress=localhost:59286}, pageLoadStrategy=normal, timeouts={pageLoad=300000, implicit=0, script=30000}, cssSelectorsEnabled=true, databaseEnabled=false, handlesAlerts=true, browserConnectionEnabled=false, webStorageEnabled=true}]
at sun.reflect.NativeConstructorAccessorImpl.newInstance0(Native Method)
at sun.reflect.NativeConstructorAccessorImpl.newInstance(Unknown Source)
at sun.reflect.DelegatingConstructorAccessorImpl.newInstance(Unknown Source)
at java.lang.reflect.Constructor.newInstance(Unknown Source)
at org.openqa.selenium.remote.ErrorHandler.createThrowable(ErrorHandler.java:206)
at org.openqa.selenium.remote.ErrorHandler.throwIfResponseFailed(ErrorHandler.java:158)
at org.openqa.selenium.remote.RemoteWebDriver.execute(RemoteWebDriver.java:678)
at org.openqa.selenium.remote.RemoteWebElement.execute(RemoteWebElement.java:327)
at org.openqa.selenium.remote.RemoteWebElement.click(RemoteWebElement.java:85)
at test.Test2.DemoTest2(Test2.java:35)
at sun.reflect.NativeMethodAccessorImpl.invoke0(Native Method)
at sun.reflect.NativeMethodAccessorImpl.invoke(Unknown Source)
at sun.reflect.DelegatingMethodAccessorImpl.invoke(Unknown Source)
at java.lang.reflect.Method.invoke(Unknown Source)
at org.testng.internal.MethodInvocationHelper.invokeMethod(MethodInvocationHelper.java:124)
at org.testng.internal.Invoker.invokeMethod(Invoker.java:580)
at org.testng.internal.Invoker.invokeTestMethod(Invoker.java:716)
at org.testng.internal.Invoker.invokeTestMethods(Invoker.java:988)
at org.testng.internal.TestMethodWorker.invokeTestMethods(TestMethodWorker.java:125)
at org.testng.internal.TestMethodWorker.run(TestMethodWorker.java:109)
at org.testng.TestRunner.privateRun(TestRunner.java:648)
at org.testng.TestRunner.run(TestRunner.java:505)
at org.testng.SuiteRunner.runTest(SuiteRunner.java:455)
at org.testng.SuiteRunner.runSequentially(SuiteRunner.java:450)
at org.testng.SuiteRunner.privateRun(SuiteRunner.java:415)
at org.testng.SuiteRunner.run(SuiteRunner.java:364)
at org.testng.SuiteRunnerWorker.runSuite(SuiteRunnerWorker.java:52)
at org.testng.SuiteRunnerWorker.run(SuiteRunnerWorker.java:84)
at org.testng.TestNG.runSuitesSequentially(TestNG.java:1208)
at org.testng.TestNG.runSuitesLocally(TestNG.java:1137)
at org.testng.TestNG.runSuites(TestNG.java:1049)
at org.testng.TestNG.run(TestNG.java:1017)
at org.testng.remote.AbstractRemoteTestNG.run(AbstractRemoteTestNG.java:114)
at org.testng.remote.RemoteTestNG.initAndRun(RemoteTestNG.java:251)
at org.testng.remote.RemoteTestNG.main(RemoteTestNG.java:77)
]]>
            </full-stacktrace>
          </exception> <!-- org.openqa.selenium.ElementNotVisibleException -->
          <reporter-output>
          </reporter-output>
        </test-method> <!-- DemoTest2 -->
      </class> <!-- test.Test2 -->
      <class name="test.Test1">
        <test-method status="PASS" signature="beforemethod()[pri:0, instance:test.Test1@1d55d69b]" name="beforemethod" is-config="true" duration-ms="11734" started-at="2019-11-04T12:37:55Z" finished-at="2019-11-04T12:38:07Z">
          <reporter-output>
          </reporter-output>
        </test-method> <!-- beforemethod -->
        <test-method status="PASS" signature="Demo()[pri:0, instance:test.Test1@1d55d69b]" name="Demo" duration-ms="10475" started-at="2019-11-04T12:38:07Z" finished-at="2019-11-04T12:38:17Z">
          <reporter-output>
          </reporter-output>
        </test-method> <!-- Demo -->
      </class> <!-- test.Test1 -->
    </test> <!-- Test -->
  </suite> <!-- Suite -->
</testng-results>
